[Licensing::Module] Trying to connect to existing licensing client channel...
Built from '6000.2/respin/6000.2.6f2-cc51a95c03' branch; Version is '6000.2.6f2 (4a4dcaec6541) revision 4869578'; Using compiler version '194234433'; Build Type 'Release'
[Licensing::IpcConnector] Successfully connected to: "LicenseClient-encep" at "2025-12-06T09:29:05.0166834Z"
OS: 'Windows 11  (10.0.26220) 64bit Professional' Language: 'ko' Physical Memory: 32559 MB
BatchMode: 1, IsHumanControllingUs: 0, StartBugReporterOnCrash: 0, Is64bit: 1
Date: 2025-12-06T09:29:05Z

COMMAND LINE ARGUMENTS:
C:\Program Files\Unity\Hub\Editor\6000.2.6f2\Editor\Unity.exe
-adb2
-batchMode
-noUpm
-name
AssetImportWorker0
-projectPath
D:/workspace/Wemeet/XRProjectManagement_Team6
-logFile
Logs/AssetImportWorker0.log
-srvPort
5092
-licensingIpc
LicenseClient-encep
-job-worker-count
11
-background-job-worker-count
8
-gc-helper-count
1
-name
AssetImport
Successfully changed project path to: D:/workspace/Wemeet/XRProjectManagement_Team6
D:/workspace/Wemeet/XRProjectManagement_Team6
[UnityMemory] Configuration Parameters - Can be set up in boot.config
    "memorysetup-allocator-temp-initial-block-size-main=262144"
    "memorysetup-allocator-temp-initial-block-size-worker=262144"
    "memorysetup-bucket-allocator-granularity=16"
    "memorysetup-bucket-allocator-bucket-count=8"
    "memorysetup-bucket-allocator-block-size=33554432"
    "memorysetup-bucket-allocator-block-count=8"
    "memorysetup-main-allocator-block-size=16777216"
    "memorysetup-thread-allocator-block-size=16777216"
    "memorysetup-gfx-main-allocator-block-size=16777216"
    "memorysetup-gfx-thread-allocator-block-size=16777216"
    "memorysetup-cache-allocator-block-size=4194304"
    "memorysetup-typetree-allocator-block-size=2097152"
    "memorysetup-profiler-bucket-allocator-granularity=16"
    "memorysetup-profiler-bucket-allocator-bucket-count=8"
    "memorysetup-profiler-bucket-allocator-block-size=33554432"
    "memorysetup-profiler-bucket-allocator-block-count=8"
    "memorysetup-profiler-allocator-block-size=16777216"
    "memorysetup-profiler-editor-allocator-block-size=1048576"
    "memorysetup-temp-allocator-size-main=16777216"
    "memorysetup-job-temp-allocator-block-size=2097152"
    "memorysetup-job-temp-allocator-block-size-background=1048576"
    "memorysetup-job-temp-allocator-reduction-small-platforms=262144"
    "memorysetup-temp-allocator-size-background-worker=32768"
    "memorysetup-temp-allocator-size-job-worker=262144"
    "memorysetup-temp-allocator-size-preload-manager=33554432"
    "memorysetup-temp-allocator-size-nav-mesh-worker=65536"
    "memorysetup-temp-allocator-size-audio-worker=65536"
    "memorysetup-temp-allocator-size-cloud-worker=32768"
    "memorysetup-temp-allocator-size-gi-baking-worker=262144"
    "memorysetup-temp-allocator-size-gi-baking-worker=262144"
    "memorysetup-temp-allocator-size-gi-baking-worker=262144"
    "memorysetup-temp-allocator-size-gi-baking-worker=262144"
    "memorysetup-temp-allocator-size-gi-baking-worker=262144"
    "memorysetup-temp-allocator-size-gfx=262144"
Player connection [37104]  Target information:

Player connection [37104]  * "[IP] 192.168.0.225 [Port] 0 [Flags] 2 [Guid] 657811674 [EditorId] 657811674 [Version] 1048832 [Id] WindowsEditor(7,ALPACA-HOME) [Debug] 1 [PackageName] WindowsEditor [ProjectName] Editor" 

Player connection [37104] Host joined multi-casting on [225.0.0.222:54997]...
Player connection [37104] Host joined alternative multi-casting on [225.0.0.222:34997]...
JobSystem: Creating JobQueue using job-worker-count value 11
Input System module state changed to: Initialized.
[Physics::Module] Initialized fallback backend.
[Physics::Module] Id: 0xdecafbad
[Licensing::Client] Code 10 while verifying Licensing Client signature (process Id: 52040, path: "C:/Program Files/Unity Hub/UnityLicensingClient_V1/Unity.Licensing.Client.exe")
[Licensing::Module] LicensingClient has failed validation; ignoring
[Licensing::Client] Handshaking with LicensingClient:
  Version:                 1.17.3+a4e98f1
  Session Id:              28a8bc7db0bc4555837a89c7a2b8c93f
  Correlation Id:          3bfe39f9eacc086b15288bb10b13f5ce
  External correlation Id: 2769470189099213681
  Machine Id:              cguaLPnchZUTnGxTXfpLx01KZdU=
[Licensing::Module] Successfully connected to LicensingClient on channel: "LicenseClient-encep" (connect: 0.00s, validation: 0.00s, handshake: 0.03s)
[Licensing::IpcConnector] Successfully connected to: "LicenseClient-encep-notifications" at "2025-12-06T09:29:05.0536859Z"
[Licensing::Module] Licensing Background thread has ended after 0.04s
Library Redirect Path: Library/
[Physics::Module] Selected backend.
[Physics::Module] Name: PhysX
[Physics::Module] Id: 0xf2b8ea05
[Physics::Module] SDK Version: 4.1.2
[Physics::Module] Integration Version: 1.0.0
[Physics::Module] Threading Mode: Multi-Threaded
Refreshing native plugins compatible for Editor in 19.73 ms, found 13 plugins.
Preloading 1 native plugins for Editor in 0.55 ms.
Initialize engine version: 6000.2.6f2 (4a4dcaec6541)
[Subsystems] Discovering subsystems at path C:/Program Files/Unity/Hub/Editor/6000.2.6f2/Editor/Data/Resources/UnitySubsystems
[Subsystems] Discovering subsystems at path D:/workspace/Wemeet/XRProjectManagement_Team6/Assets
GfxDevice: creating device client; kGfxThreadingModeNonThreaded
d3d12: failed to query info queue interface (0x80004002).
Direct3D:
    Version:         Direct3D 12 [level 12.1]
    Renderer:        NVIDIA GeForce RTX 3080 Ti (ID=0x2208)
    Vendor:          NVIDIA
    VRAM:            12086 MB
    App VRAM Budget: 11318 MB
    Driver:          32.0.15.8180
Initialize mono
Mono path[0] = 'C:/Program Files/Unity/Hub/Editor/6000.2.6f2/Editor/Data/Managed'
Mono path[1] = 'C:/Program Files/Unity/Hub/Editor/6000.2.6f2/Editor/Data/MonoBleedingEdge/lib/mono/unityjit-win32'
Mono config path = 'C:/Program Files/Unity/Hub/Editor/6000.2.6f2/Editor/Data/MonoBleedingEdge/etc'
Using monoOptions --debugger-agent=transport=dt_socket,embedding=1,server=y,suspend=n,address=127.0.0.1:56104
Begin MonoManager ReloadAssembly
Registering precompiled unity dll's ...
Register platform support module: C:/Program Files/Unity/Hub/Editor/6000.2.6f2/Editor/Data/PlaybackEngines/WindowsStandaloneSupport/UnityEditor.WindowsStandalone.Extensions.dll
[Licensing::Client] Successfully resolved entitlement details
[Licensing::Module] License group:
  Id: F4-GCVC-WRNH-4Q3P-4D4R-XXXX
  Product: Unity Personal
  Type: ULF
  Expiration: 2026-01-12T10:23:25Z
Register platform support module: C:/Program Files/Unity/Hub/Editor/6000.2.6f2/Editor/Data/PlaybackEngines/AndroidPlayer/UnityEditor.Android.Extensions.dll
Registered in 0.003610 seconds.
- Loaded All Assemblies, in  0.343 seconds
Native extension for Android target not found
Android Extension - Scanning For ADB Devices 288 ms
Native extension for WindowsStandalone target not found
Mono: successfully reloaded assembly
- Finished resetting the current domain, in  0.607 seconds
Domain Reload Profiling: 947ms
	BeginReloadAssembly (115ms)
		ExecutionOrderSort (0ms)
		DisableScriptedObjects (0ms)
		BackupInstance (0ms)
		ReleaseScriptingObjects (0ms)
		CreateAndSetChildDomain (1ms)
	RebuildCommonClasses (30ms)
	RebuildNativeTypeToScriptingClass (11ms)
	initialDomainReloadingComplete (43ms)
	LoadAllAssembliesAndSetupDomain (141ms)
		LoadAssemblies (113ms)
		RebuildTransferFunctionScriptingTraits (0ms)
		AnalyzeDomain (138ms)
			TypeCache.Refresh (137ms)
				TypeCache.ScanAssembly (126ms)
			BuildScriptInfoCaches (0ms)
			ResolveRequiredComponents (0ms)
	FinalizeReload (607ms)
		ReleaseScriptCaches (0ms)
		RebuildScriptCaches (0ms)
		SetupLoadedEditorAssemblies (566ms)
			LogAssemblyErrors (0ms)
			InitializePlatformSupportModulesInManaged (365ms)
			SetLoadedEditorAssemblies (3ms)
			BeforeProcessingInitializeOnLoad (51ms)
			ProcessInitializeOnLoadAttributes (98ms)
			ProcessInitializeOnLoadMethodAttributes (48ms)
			AfterProcessingInitializeOnLoad (0ms)
			EditorAssembliesLoaded (0ms)
		ExecutionOrderSort2 (0ms)
		AwakeInstancesAfterBackupRestoration (0ms)
========================================================================
Worker process is ready to serve import requests
Import Worker Mode flag is 0x00
Begin MonoManager ReloadAssembly
[Licensing::Client] Successfully resolved entitlement details
- Loaded All Assemblies, in  0.832 seconds
Refreshing native plugins compatible for Editor in 9.07 ms, found 13 plugins.
Native extension for Android target not found
Native extension for WindowsStandalone target not found
Package Manager log level set to [2]
[Package Manager] Failed to launch server process. Reason: Unity was launched with the -noUpm command-line argument
[Package Manager] Unable to send message (not connected to server process).
[Package Manager] Cannot connect to Unity Package Manager local server
[Package Manager] Failed to launch server process. Reason: Unity was launched with the -noUpm command-line argument
[Package Manager] Unable to send message (not connected to server process).
[Package Manager] Cannot connect to Unity Package Manager local server
System.Reflection.TargetInvocationException: Exception has been thrown by the target of an invocation. ---> System.NullReferenceException: Object reference not set to an instance of an object
  at Unity.XR.Oculus.OculusLoader.AssetPathToAbsolutePath (System.String assetPath) [0x0003d] in .\Library\PackageCache\com.unity.xr.oculus@44578ba4bd45\Runtime\OculusLoader.cs:312 
  at Unity.XR.Oculus.OculusLoader.EditorLoadOVRPlugin () [0x0008c] in .\Library\PackageCache\com.unity.xr.oculus@44578ba4bd45\Runtime\OculusLoader.cs:297 
  at (wrapper managed-to-native) System.Reflection.RuntimeMethodInfo.InternalInvoke(System.Reflection.RuntimeMethodInfo,object,object[],System.Exception&)
  at System.Reflection.RuntimeMethodInfo.Invoke (System.Object obj, System.Reflection.BindingFlags invokeAttr, System.Reflection.Binder binder, System.Object[] parameters, System.Globalization.CultureInfo culture) [0x0006a] in <59bd7c40c082431db25e1e728ab62789>:0 
   --- End of inner exception stack trace ---
  at System.Reflection.RuntimeMethodInfo.Invoke (System.Object obj, System.Reflection.BindingFlags invokeAttr, System.Reflection.Binder binder, System.Object[] parameters, System.Globalization.CultureInfo culture) [0x00083] in <59bd7c40c082431db25e1e728ab62789>:0 
  at System.Reflection.MethodBase.Invoke (System.Object obj, System.Object[] parameters) [0x00000] in <59bd7c40c082431db25e1e728ab62789>:0 
  at UnityEditor.EditorAssemblies.ProcessInitializeOnLoadMethodAttributes () [0x00087] in <8081513dc2364383b8289d30d2169b2e>:0 
UnityEngine.Debug:ExtractStackTraceNoAlloc (byte*,int,string)
UnityEngine.StackTraceUtility:ExtractStackTrace ()
UnityEngine.DebugLogHandler:Internal_Log (UnityEngine.LogType,UnityEngine.LogOption,string,UnityEngine.Object)
UnityEngine.DebugLogHandler:LogFormat (UnityEngine.LogType,UnityEngine.Object,string,object[])
UnityEngine.Logger:Log (UnityEngine.LogType,object)
UnityEngine.Debug:LogError (object)
UnityEditor.EditorAssemblies:ProcessInitializeOnLoadMethodAttributes ()

[MODES] ModeService[none].Initialize
[MODES] ModeService[none].LoadModes
[MODES] Loading mode Default (0) for mode-current-id-Team6 Project_Conveyor Belt
Mono: successfully reloaded assembly
[Package Manager] Failed to launch server process. Reason: Unity was launched with the -noUpm command-line argument
[Package Manager] Unable to send message (not connected to server process).
[Package Manager] Cannot connect to Unity Package Manager local server
[Package Manager] Failed to launch server process. Reason: Unity was launched with the -noUpm command-line argument
[Package Manager] Unable to send message (not connected to server process).
[Package Manager] Cannot connect to Unity Package Manager local server
- Finished resetting the current domain, in  1.116 seconds
Domain Reload Profiling: 1945ms
	BeginReloadAssembly (174ms)
		ExecutionOrderSort (0ms)
		DisableScriptedObjects (4ms)
		BackupInstance (0ms)
		ReleaseScriptingObjects (0ms)
		CreateAndSetChildDomain (28ms)
	RebuildCommonClasses (33ms)
	RebuildNativeTypeToScriptingClass (8ms)
	initialDomainReloadingComplete (39ms)
	LoadAllAssembliesAndSetupDomain (574ms)
		LoadAssemblies (353ms)
		RebuildTransferFunctionScriptingTraits (0ms)
		AnalyzeDomain (322ms)
			TypeCache.Refresh (217ms)
				TypeCache.ScanAssembly (198ms)
			BuildScriptInfoCaches (89ms)
			ResolveRequiredComponents (11ms)
	FinalizeReload (1117ms)
		ReleaseScriptCaches (0ms)
		RebuildScriptCaches (0ms)
		SetupLoadedEditorAssemblies (886ms)
			LogAssemblyErrors (0ms)
			InitializePlatformSupportModulesInManaged (8ms)
			SetLoadedEditorAssemblies (4ms)
			BeforeProcessingInitializeOnLoad (165ms)
			ProcessInitializeOnLoadAttributes (510ms)
			ProcessInitializeOnLoadMethodAttributes (192ms)
			AfterProcessingInitializeOnLoad (6ms)
			EditorAssembliesLoaded (0ms)
		ExecutionOrderSort2 (0ms)
		AwakeInstancesAfterBackupRestoration (7ms)
WARNING: Shader Unsupported: 'Hidden/Builtin_TerrainVisualization' - All subshaders removed
WARNING: Shader Did you use #pragma only_renderers and omit this platform?
WARNING: Shader If subshaders removal was intentional, you may have forgotten turning Fallback off?
WARNING: Shader Unsupported: 'Hidden/Builtin_TerrainVisualization' - All subshaders removed
WARNING: Shader Did you use #pragma only_renderers and omit this platform?
WARNING: Shader If subshaders removal was intentional, you may have forgotten turning Fallback off?
Launched and connected shader compiler UnityShaderCompiler.exe after 0.01 seconds
Refreshing native plugins compatible for Editor in 6.20 ms, found 13 plugins.
Preloading 1 native plugins for Editor in 0.05 ms.
Unloading 28 Unused Serialized files (Serialized files now loaded: 0)
Unloading 8701 unused Assets / (7.4 MB). Loaded Objects now: 9508.
Memory consumption went from 165.7 MB to 158.3 MB.
Total: 8.577900 ms (FindLiveObjects: 0.665200 ms CreateObjectMapping: 0.617900 ms MarkObjects: 4.105700 ms  DeleteObjects: 3.187700 ms)

========================================================================
Received Import Request.
  Time since last request: 1162773.734377 seconds.
  path: Assets/PingPong/Scripts/Manager/PingPongGameManager.lua
  artifactKey: Guid(e931bd74647fa714c8ff2039d0cc70a2) Importer(815301076,1909f56bfc062723c751e8b465ee728b)
Start importing Assets/PingPong/Scripts/Manager/PingPongGameManager.lua using Guid(e931bd74647fa714c8ff2039d0cc70a2) Importer(815301076,1909f56bfc062723c751e8b465ee728b) (PreviewImporter) -> (artifact id: '10e9ddd0252f5422f7921c08ca5c8073') in 0.0175597 seconds
Number of updated asset objects reloaded before import = 0Number of asset objects unloaded after import = 1

========================================================================
Received Import Request.
  Time since last request: 603.867889 seconds.
  path: Assets/PingPong/Prefabs
  artifactKey: Guid(3bfc3f07565331a489cd1c222a5a5684) Importer(815301076,1909f56bfc062723c751e8b465ee728b)
Start importing Assets/PingPong/Prefabs using Guid(3bfc3f07565331a489cd1c222a5a5684) Importer(815301076,1909f56bfc062723c751e8b465ee728b) (PreviewImporter) -> (artifact id: '21dfd99c38cc1ceee8dfc09952c483c8') in 0.000662 seconds
Number of updated asset objects reloaded before import = 2Number of asset objects unloaded after import = 0

========================================================================
Received Import Request.
  Time since last request: 203.381212 seconds.
  path: Assets/Scenes/Grow plants.unity
  artifactKey: Guid(62723e87b17e9dc43991c0472e2bd433) Importer(815301076,1909f56bfc062723c751e8b465ee728b)
Start importing Assets/Scenes/Grow plants.unity using Guid(62723e87b17e9dc43991c0472e2bd433) Importer(815301076,1909f56bfc062723c751e8b465ee728b) (PreviewImporter) -> (artifact id: '8a3cca2038f941e781cab8411055a63d') in 0.0006201 seconds
Number of updated asset objects reloaded before import = 2Number of asset objects unloaded after import = 0

========================================================================
Received Import Request.
  Time since last request: 279.409209 seconds.
  path: Assets/SimplePoly City - Low Poly Assets/Models/Building_Factory.fbx
  artifactKey: Guid(932be02d2912c394786d8ec1d2007f18) Importer(815301076,1909f56bfc062723c751e8b465ee728b)
Start importing Assets/SimplePoly City - Low Poly Assets/Models/Building_Factory.fbx using Guid(932be02d2912c394786d8ec1d2007f18) Importer(815301076,1909f56bfc062723c751e8b465ee728b) (PreviewImporter) -> (artifact id: '9483436dc48200f14105725036d31321') in 0.8526029 seconds
Number of updated asset objects reloaded before import = 0Number of asset objects unloaded after import = 9

========================================================================
Received Import Request.
  Time since last request: 334.168965 seconds.
  path: Assets/PingPong/Scenes
  artifactKey: Guid(99ccffd634ff2a9429d623395e45d732) Importer(815301076,1909f56bfc062723c751e8b465ee728b)
Start importing Assets/PingPong/Scenes using Guid(99ccffd634ff2a9429d623395e45d732) Importer(815301076,1909f56bfc062723c751e8b465ee728b) (PreviewImporter) -> (artifact id: '216a6e1ef2a1c43fb6b866658b9404cc') in 0.0005034 seconds
Number of updated asset objects reloaded before import = 0Number of asset objects unloaded after import = 0

========================================================================
Received Import Request.
  Time since last request: 0.583709 seconds.
  path: Assets/PingPong/Scenes/Pingpong.unity
  artifactKey: Guid(575373af9bd32f24cb5f58805368e9c2) Importer(815301076,1909f56bfc062723c751e8b465ee728b)
Start importing Assets/PingPong/Scenes/Pingpong.unity using Guid(575373af9bd32f24cb5f58805368e9c2) Importer(815301076,1909f56bfc062723c751e8b465ee728b) (PreviewImporter) -> (artifact id: '0cb4f8f0d66427ddea8a6fb54d17d264') in 0.0006808 seconds
Number of updated asset objects reloaded before import = 0Number of asset objects unloaded after import = 0

========================================================================
Received Import Request.
  Time since last request: 417.994523 seconds.
  path: Assets/AddressableAssetsData/AddressableAssetSettings.asset
  artifactKey: Guid(b7f07668e5b9356489a5253d16c9d057) Importer(2089858483,192608db42251d675da83286b1cce702)
Start importing Assets/AddressableAssetsData/AddressableAssetSettings.asset using Guid(b7f07668e5b9356489a5253d16c9d057) Importer(2089858483,192608db42251d675da83286b1cce702) (ScriptedImporter) -> (artifact id: '45bd782272d34836323f388cc4882d17') in 0.1861918 seconds
Number of updated asset objects reloaded before import = 2Number of asset objects unloaded after import = 1

========================================================================
Received Import Request.
  Time since last request: 0.000044 seconds.
  path: Assets/PingPong/Prefabs/PingpongBall.prefab
  artifactKey: Guid(4d97131e2315c6346bd8bccb9a541427) Importer(2089858483,192608db42251d675da83286b1cce702)
Start importing Assets/PingPong/Prefabs/PingpongBall.prefab using Guid(4d97131e2315c6346bd8bccb9a541427) Importer(2089858483,192608db42251d675da83286b1cce702) (ScriptedImporter) -> (artifact id: 'b273fddd1269c673d192d75bfd163549') in 0.0548924 seconds
Number of updated asset objects reloaded before import = 0Number of asset objects unloaded after import = 11

========================================================================
Received Import Request.
  Time since last request: 0.000029 seconds.
  path: Assets/Settings/PC_RPAsset.asset
  artifactKey: Guid(4b83569d67af61e458304325a23e5dfd) Importer(2089858483,192608db42251d675da83286b1cce702)
Start importing Assets/Settings/PC_RPAsset.asset using Guid(4b83569d67af61e458304325a23e5dfd) Importer(2089858483,192608db42251d675da83286b1cce702) (ScriptedImporter) -> (artifact id: 'b14a4913a516430e5e9ef8832085b874') in 0.0408507 seconds
Number of updated asset objects reloaded before import = 0Number of asset objects unloaded after import = 1

========================================================================
Received Import Request.
  Time since last request: 0.000021 seconds.
  path: Assets/PingPong/Scenes/Pingpong.unity
  artifactKey: Guid(575373af9bd32f24cb5f58805368e9c2) Importer(2089858483,192608db42251d675da83286b1cce702)
Start importing Assets/PingPong/Scenes/Pingpong.unity using Guid(575373af9bd32f24cb5f58805368e9c2) Importer(2089858483,192608db42251d675da83286b1cce702) (ScriptedImporter) -> (artifact id: '4060a98f9894d84164afd03b89b1c42e') in 0.0154166 seconds
Number of updated asset objects reloaded before import = 0Number of asset objects unloaded after import = 1

========================================================================
Received Import Request.
  Time since last request: 0.000019 seconds.
  path: Assets/Scenes/New Lighting Settings.lighting
  artifactKey: Guid(ab87e0aa7aad07a4fa52355c3091be03) Importer(2089858483,192608db42251d675da83286b1cce702)
Start importing Assets/Scenes/New Lighting Settings.lighting using Guid(ab87e0aa7aad07a4fa52355c3091be03) Importer(2089858483,192608db42251d675da83286b1cce702) (ScriptedImporter)LightingSettings: switching bake backend from 1 to 2.
 -> (artifact id: '59a46315222ff0c45bde830fda5edfe7') in 0.0184875 seconds
Number of updated asset objects reloaded before import = 0Number of asset objects unloaded after import = 1

========================================================================
Received Import Request.
  Time since last request: 2.590438 seconds.
  path: Assets/PingPong/Material
  artifactKey: Guid(1ff88f07e0a2e0045be69b10ce3456fa) Importer(815301076,1909f56bfc062723c751e8b465ee728b)
Start importing Assets/PingPong/Material using Guid(1ff88f07e0a2e0045be69b10ce3456fa) Importer(815301076,1909f56bfc062723c751e8b465ee728b) (PreviewImporter) -> (artifact id: 'e324f67f8a9f1953750eb71a0ef32438') in 0.000484 seconds
Number of updated asset objects reloaded before import = 0Number of asset objects unloaded after import = 0

========================================================================
Received Import Request.
  Time since last request: 0.931362 seconds.
  path: Assets/PingPong/Material
  artifactKey: Guid(1ff88f07e0a2e0045be69b10ce3456fa) Importer(2089858483,192608db42251d675da83286b1cce702)
Start importing Assets/PingPong/Material using Guid(1ff88f07e0a2e0045be69b10ce3456fa) Importer(2089858483,192608db42251d675da83286b1cce702) (ScriptedImporter) -> (artifact id: '8f743b18e07805e04c83642b8da3d862') in 0.0118553 seconds
Number of updated asset objects reloaded before import = 0Number of asset objects unloaded after import = 1

========================================================================
Received Import Request.
  Time since last request: 12.125535 seconds.
  path: Assets/PingPong/Material/Racket.mat
  artifactKey: Guid(b631f48067d9a7247be3707a49c90736) Importer(2089858483,192608db42251d675da83286b1cce702)
Start importing Assets/PingPong/Material/Racket.mat using Guid(b631f48067d9a7247be3707a49c90736) Importer(2089858483,192608db42251d675da83286b1cce702) (ScriptedImporter) -> (artifact id: '7f6f1f32db80148daada2e958c7a5224') in 0.0222374 seconds
Number of updated asset objects reloaded before import = 0Number of asset objects unloaded after import = 1

========================================================================
Received Import Request.
  Time since last request: 4.170129 seconds.
  path: Assets/PingPong/Material/PinpongBall.physicMaterial
  artifactKey: Guid(0e6cd6c40429fc044b451c7e80c36b8d) Importer(815301076,1909f56bfc062723c751e8b465ee728b)
Start importing Assets/PingPong/Material/PinpongBall.physicMaterial using Guid(0e6cd6c40429fc044b451c7e80c36b8d) Importer(815301076,1909f56bfc062723c751e8b465ee728b) (PreviewImporter) -> (artifact id: '24e6a682352d9c32a771551468a8f6f8') in 0.0009013 seconds
Number of updated asset objects reloaded before import = 0Number of asset objects unloaded after import = 1

========================================================================
Received Import Request.
  Time since last request: 0.952312 seconds.
  path: Assets/PingPong/Material/PinpongBall.physicMaterial
  artifactKey: Guid(0e6cd6c40429fc044b451c7e80c36b8d) Importer(2089858483,192608db42251d675da83286b1cce702)
Start importing Assets/PingPong/Material/PinpongBall.physicMaterial using Guid(0e6cd6c40429fc044b451c7e80c36b8d) Importer(2089858483,192608db42251d675da83286b1cce702) (ScriptedImporter) -> (artifact id: '4a83bc25c6e089c4803cb45ff41796a6') in 0.0128579 seconds
Number of updated asset objects reloaded before import = 0Number of asset objects unloaded after import = 1

========================================================================
Received Import Request.
  Time since last request: 20.492587 seconds.
  path: Assets/PingPong/Material/PinpongBall.physicMaterial
  artifactKey: Guid(0e6cd6c40429fc044b451c7e80c36b8d) Importer(815301076,1909f56bfc062723c751e8b465ee728b)
Start importing Assets/PingPong/Material/PinpongBall.physicMaterial using Guid(0e6cd6c40429fc044b451c7e80c36b8d) Importer(815301076,1909f56bfc062723c751e8b465ee728b) (PreviewImporter) -> (artifact id: 'd9c2522fc443a3b7ecbe5187cfb6a699') in 0.0011982 seconds
Number of updated asset objects reloaded before import = 0Number of asset objects unloaded after import = 1

========================================================================
Received Import Request.
  Time since last request: 0.925234 seconds.
  path: Assets/PingPong/Material/PinpongBall.physicMaterial
  artifactKey: Guid(0e6cd6c40429fc044b451c7e80c36b8d) Importer(2089858483,192608db42251d675da83286b1cce702)
Start importing Assets/PingPong/Material/PinpongBall.physicMaterial using Guid(0e6cd6c40429fc044b451c7e80c36b8d) Importer(2089858483,192608db42251d675da83286b1cce702) (ScriptedImporter) -> (artifact id: 'c957913b8c141c23e1cea2754dc3bfdc') in 0.0216485 seconds
Number of updated asset objects reloaded before import = 0Number of asset objects unloaded after import = 1

========================================================================
Received Import Request.
  Time since last request: 9.184865 seconds.
  path: Assets/PingPong/Prefabs/PingpongBall.prefab
  artifactKey: Guid(4d97131e2315c6346bd8bccb9a541427) Importer(2089858483,192608db42251d675da83286b1cce702)
Start importing Assets/PingPong/Prefabs/PingpongBall.prefab using Guid(4d97131e2315c6346bd8bccb9a541427) Importer(2089858483,192608db42251d675da83286b1cce702) (ScriptedImporter) -> (artifact id: 'ecfb53ec5ce42e5c52c474ef8df6f983') in 0.0160083 seconds
Number of updated asset objects reloaded before import = 0Number of asset objects unloaded after import = 12

========================================================================
Received Import Request.
  Time since last request: 10.172413 seconds.
  path: Assets/PingPong/Material/Table.physicMaterial
  artifactKey: Guid(294a7288dd9148c4d899073270b844bd) Importer(815301076,1909f56bfc062723c751e8b465ee728b)
Start importing Assets/PingPong/Material/Table.physicMaterial using Guid(294a7288dd9148c4d899073270b844bd) Importer(815301076,1909f56bfc062723c751e8b465ee728b) (PreviewImporter) -> (artifact id: '9a5c5301ff8da438635a423fd754c05e') in 0.0008897 seconds
Number of updated asset objects reloaded before import = 0Number of asset objects unloaded after import = 1

========================================================================
Received Import Request.
  Time since last request: 0.956262 seconds.
  path: Assets/PingPong/Material/Table.physicMaterial
  artifactKey: Guid(294a7288dd9148c4d899073270b844bd) Importer(2089858483,192608db42251d675da83286b1cce702)
Start importing Assets/PingPong/Material/Table.physicMaterial using Guid(294a7288dd9148c4d899073270b844bd) Importer(2089858483,192608db42251d675da83286b1cce702) (ScriptedImporter) -> (artifact id: '88e87e8c292c6ef7c924b5b5aa6e69d8') in 0.0135957 seconds
Number of updated asset objects reloaded before import = 0Number of asset objects unloaded after import = 1

========================================================================
Received Import Request.
  Time since last request: 13.112165 seconds.
  path: Assets/PingPong/Material/Table.physicMaterial
  artifactKey: Guid(294a7288dd9148c4d899073270b844bd) Importer(815301076,1909f56bfc062723c751e8b465ee728b)
Start importing Assets/PingPong/Material/Table.physicMaterial using Guid(294a7288dd9148c4d899073270b844bd) Importer(815301076,1909f56bfc062723c751e8b465ee728b) (PreviewImporter) -> (artifact id: '86d9624c4760762a8849592250dceddd') in 0.0008845 seconds
Number of updated asset objects reloaded before import = 0Number of asset objects unloaded after import = 1

========================================================================
Received Import Request.
  Time since last request: 0.926115 seconds.
  path: Assets/PingPong/Material/Table.physicMaterial
  artifactKey: Guid(294a7288dd9148c4d899073270b844bd) Importer(2089858483,192608db42251d675da83286b1cce702)
Start importing Assets/PingPong/Material/Table.physicMaterial using Guid(294a7288dd9148c4d899073270b844bd) Importer(2089858483,192608db42251d675da83286b1cce702) (ScriptedImporter) -> (artifact id: '9af4bc128ce51624d0d0ede74ad9cecb') in 0.0123934 seconds
Number of updated asset objects reloaded before import = 0Number of asset objects unloaded after import = 1

========================================================================
Received Import Request.
  Time since last request: 6.882154 seconds.
  path: Assets/AddressableAssetsData/AddressableAssetSettings.asset
  artifactKey: Guid(b7f07668e5b9356489a5253d16c9d057) Importer(2089858483,192608db42251d675da83286b1cce702)
Start importing Assets/AddressableAssetsData/AddressableAssetSettings.asset using Guid(b7f07668e5b9356489a5253d16c9d057) Importer(2089858483,192608db42251d675da83286b1cce702) (ScriptedImporter) -> (artifact id: 'de063b99570a74983493e806048fbbd7') in 0.0172163 seconds
Number of updated asset objects reloaded before import = 2Number of asset objects unloaded after import = 1

========================================================================
Received Import Request.
  Time since last request: 91.067114 seconds.
  path: Assets/PingPong/Scenes/Pingpong.unity
  artifactKey: Guid(575373af9bd32f24cb5f58805368e9c2) Importer(2089858483,192608db42251d675da83286b1cce702)
Start importing Assets/PingPong/Scenes/Pingpong.unity using Guid(575373af9bd32f24cb5f58805368e9c2) Importer(2089858483,192608db42251d675da83286b1cce702) (ScriptedImporter) -> (artifact id: '786bc014cf51b49d7e94a65366145aa8') in 0.014954 seconds
Number of updated asset objects reloaded before import = 0Number of asset objects unloaded after import = 1

========================================================================
Received Import Request.
  Time since last request: 4.918176 seconds.
  path: Assets/PingPong/Scenes/Pingpong.unity
  artifactKey: Guid(575373af9bd32f24cb5f58805368e9c2) Importer(2089858483,192608db42251d675da83286b1cce702)
Start importing Assets/PingPong/Scenes/Pingpong.unity using Guid(575373af9bd32f24cb5f58805368e9c2) Importer(2089858483,192608db42251d675da83286b1cce702) (ScriptedImporter) -> (artifact id: 'f29aaddf07830efda1c09ea5238a14f2') in 0.014914 seconds
Number of updated asset objects reloaded before import = 0Number of asset objects unloaded after import = 1

========================================================================
Received Import Request.
  Time since last request: 79.482000 seconds.
  path: Assets/PingPong/Material/Table 1.physicMaterial
  artifactKey: Guid(69b8f6c9e982f3d41961139fa5022a72) Importer(815301076,1909f56bfc062723c751e8b465ee728b)
Start importing Assets/PingPong/Material/Table 1.physicMaterial using Guid(69b8f6c9e982f3d41961139fa5022a72) Importer(815301076,1909f56bfc062723c751e8b465ee728b) (PreviewImporter) -> (artifact id: 'a2afdafb4592061b0d71027ffaccf07e') in 0.0010464 seconds
Number of updated asset objects reloaded before import = 0Number of asset objects unloaded after import = 1

========================================================================
Received Import Request.
  Time since last request: 0.938866 seconds.
  path: Assets/PingPong/Material/Table 1.physicMaterial
  artifactKey: Guid(69b8f6c9e982f3d41961139fa5022a72) Importer(2089858483,192608db42251d675da83286b1cce702)
Start importing Assets/PingPong/Material/Table 1.physicMaterial using Guid(69b8f6c9e982f3d41961139fa5022a72) Importer(2089858483,192608db42251d675da83286b1cce702) (ScriptedImporter) -> (artifact id: 'dd02beda036c96aa71508c2324bd60e3') in 0.0125669 seconds
Number of updated asset objects reloaded before import = 0Number of asset objects unloaded after import = 1

========================================================================
Received Import Request.
  Time since last request: 0.966247 seconds.
  path: Assets/PingPong/Material/Racket.physicMaterial
  artifactKey: Guid(69b8f6c9e982f3d41961139fa5022a72) Importer(815301076,1909f56bfc062723c751e8b465ee728b)
Start importing Assets/PingPong/Material/Racket.physicMaterial using Guid(69b8f6c9e982f3d41961139fa5022a72) Importer(815301076,1909f56bfc062723c751e8b465ee728b) (PreviewImporter) -> (artifact id: 'f20fbd6e4bdd68e302f2178cd466eb64') in 0.0011967 seconds
Number of updated asset objects reloaded before import = 0Number of asset objects unloaded after import = 1

========================================================================
Received Import Request.
  Time since last request: 0.949440 seconds.
  path: Assets/PingPong/Material/Racket.physicMaterial
  artifactKey: Guid(69b8f6c9e982f3d41961139fa5022a72) Importer(2089858483,192608db42251d675da83286b1cce702)
Start importing Assets/PingPong/Material/Racket.physicMaterial using Guid(69b8f6c9e982f3d41961139fa5022a72) Importer(2089858483,192608db42251d675da83286b1cce702) (ScriptedImporter) -> (artifact id: '2c7dae58e27db35c40fa6fdf3cef3927') in 0.0117346 seconds
Number of updated asset objects reloaded before import = 0Number of asset objects unloaded after import = 1

========================================================================
Received Import Request.
  Time since last request: 5.957680 seconds.
  path: Assets/PingPong/Material/Racket.physicMaterial
  artifactKey: Guid(69b8f6c9e982f3d41961139fa5022a72) Importer(815301076,1909f56bfc062723c751e8b465ee728b)
Start importing Assets/PingPong/Material/Racket.physicMaterial using Guid(69b8f6c9e982f3d41961139fa5022a72) Importer(815301076,1909f56bfc062723c751e8b465ee728b) (PreviewImporter) -> (artifact id: 'cf54cf41471a9623fc5288e0fe3ddc0a') in 0.0010119 seconds
Number of updated asset objects reloaded before import = 0Number of asset objects unloaded after import = 1

========================================================================
Received Import Request.
  Time since last request: 0.926347 seconds.
  path: Assets/PingPong/Material/Racket.physicMaterial
  artifactKey: Guid(69b8f6c9e982f3d41961139fa5022a72) Importer(2089858483,192608db42251d675da83286b1cce702)
Start importing Assets/PingPong/Material/Racket.physicMaterial using Guid(69b8f6c9e982f3d41961139fa5022a72) Importer(2089858483,192608db42251d675da83286b1cce702) (ScriptedImporter) -> (artifact id: '13223afa0a0dc4ea0a65078a1d03cbb2') in 0.0141376 seconds
Number of updated asset objects reloaded before import = 0Number of asset objects unloaded after import = 1

========================================================================
Received Import Request.
  Time since last request: 31.339848 seconds.
  path: Assets/PingPong/Scenes/Pingpong.unity
  artifactKey: Guid(575373af9bd32f24cb5f58805368e9c2) Importer(2089858483,192608db42251d675da83286b1cce702)
Start importing Assets/PingPong/Scenes/Pingpong.unity using Guid(575373af9bd32f24cb5f58805368e9c2) Importer(2089858483,192608db42251d675da83286b1cce702) (ScriptedImporter) -> (artifact id: 'f4be991697a195758fa37b42fea5c98d') in 0.0178967 seconds
Number of updated asset objects reloaded before import = 0Number of asset objects unloaded after import = 1

========================================================================
Received Import Request.
  Time since last request: 4.734985 seconds.
  path: Assets/PingPong/Scenes/Pingpong.unity
  artifactKey: Guid(575373af9bd32f24cb5f58805368e9c2) Importer(2089858483,192608db42251d675da83286b1cce702)
Start importing Assets/PingPong/Scenes/Pingpong.unity using Guid(575373af9bd32f24cb5f58805368e9c2) Importer(2089858483,192608db42251d675da83286b1cce702) (ScriptedImporter) -> (artifact id: 'b119151b4f85fc968228ecb71f7e4bd0') in 0.016233 seconds
Number of updated asset objects reloaded before import = 0Number of asset objects unloaded after import = 1

========================================================================
Received Import Request.
  Time since last request: 60.536617 seconds.
  path: Assets/PingPong/Scripts/Manager/PingPongGameManager.lua
  artifactKey: Guid(e931bd74647fa714c8ff2039d0cc70a2) Importer(2089858483,192608db42251d675da83286b1cce702)
Start importing Assets/PingPong/Scripts/Manager/PingPongGameManager.lua using Guid(e931bd74647fa714c8ff2039d0cc70a2) Importer(2089858483,192608db42251d675da83286b1cce702) (ScriptedImporter) -> (artifact id: 'bc9a06df82b59a33d7c0ab6bbf1ae4f6') in 0.0142488 seconds
Number of updated asset objects reloaded before import = 0Number of asset objects unloaded after import = 1

========================================================================
Received Import Request.
  Time since last request: 20.280707 seconds.
  path: Assets/PingPong/Scenes/Pingpong.unity
  artifactKey: Guid(575373af9bd32f24cb5f58805368e9c2) Importer(2089858483,192608db42251d675da83286b1cce702)
Start importing Assets/PingPong/Scenes/Pingpong.unity using Guid(575373af9bd32f24cb5f58805368e9c2) Importer(2089858483,192608db42251d675da83286b1cce702) (ScriptedImporter) -> (artifact id: '98abd940c12b769cd02613875e8b7ec3') in 0.0228828 seconds
Number of updated asset objects reloaded before import = 0Number of asset objects unloaded after import = 1

========================================================================
Received Import Request.
  Time since last request: 7.299197 seconds.
  path: Assets/AddressableAssetsData/AddressableAssetSettings.asset
  artifactKey: Guid(b7f07668e5b9356489a5253d16c9d057) Importer(2089858483,192608db42251d675da83286b1cce702)
Start importing Assets/AddressableAssetsData/AddressableAssetSettings.asset using Guid(b7f07668e5b9356489a5253d16c9d057) Importer(2089858483,192608db42251d675da83286b1cce702) (ScriptedImporter) -> (artifact id: 'c772fbf3a47dc467dc753f9d7b2578f9') in 0.0163178 seconds
Number of updated asset objects reloaded before import = 2Number of asset objects unloaded after import = 1

========================================================================
Received Import Request.
  Time since last request: 119.714586 seconds.
  path: Assets/PingPong/Scenes/Pingpong/Lightmap-0_comp_shadowmask.png
  artifactKey: Guid(f6fe20e36648d2e459b6df793a5dabd2) Importer(2089858483,192608db42251d675da83286b1cce702)
Start importing Assets/PingPong/Scenes/Pingpong/Lightmap-0_comp_shadowmask.png using Guid(f6fe20e36648d2e459b6df793a5dabd2) Importer(2089858483,192608db42251d675da83286b1cce702) (ScriptedImporter)[Licensing::Client] Successfully resolved entitlement details
 -> (artifact id: 'ec19c1be83dc494c042c9eea49a919d9') in 0.0540196 seconds
Number of updated asset objects reloaded before import = 0Number of asset objects unloaded after import = 1

========================================================================
Received Import Request.
  Time since last request: 0.000019 seconds.
  path: Assets/PingPong/Scenes/Pingpong/ReflectionProbe-0.exr
  artifactKey: Guid(2d13d965aaf3a0545876e3c907d883fd) Importer(2089858483,192608db42251d675da83286b1cce702)
Start importing Assets/PingPong/Scenes/Pingpong/ReflectionProbe-0.exr using Guid(2d13d965aaf3a0545876e3c907d883fd) Importer(2089858483,192608db42251d675da83286b1cce702) (ScriptedImporter) -> (artifact id: 'ef1881ce8925e9eee6675de58554cb2f') in 0.0174374 seconds
Number of updated asset objects reloaded before import = 0Number of asset objects unloaded after import = 1

========================================================================
Received Import Request.
  Time since last request: 0.000023 seconds.
  path: Assets/PingPong/Scenes/Pingpong/Lightmap-0_comp_dir.png
  artifactKey: Guid(cd44c5e6a97fa464dbdedb98797c77de) Importer(2089858483,192608db42251d675da83286b1cce702)
Start importing Assets/PingPong/Scenes/Pingpong/Lightmap-0_comp_dir.png using Guid(cd44c5e6a97fa464dbdedb98797c77de) Importer(2089858483,192608db42251d675da83286b1cce702) (ScriptedImporter) -> (artifact id: 'fcd24cf27febbe116b836561e13ed37a') in 0.0181527 seconds
Number of updated asset objects reloaded before import = 0Number of asset objects unloaded after import = 1

========================================================================
Received Import Request.
  Time since last request: 6.642695 seconds.
  path: Assets/PingPong/Scenes/Pingpong/ReflectionProbe-1.exr
  artifactKey: Guid(82272ff3834ce31459dd82871260f297) Importer(2089858483,192608db42251d675da83286b1cce702)
Start importing Assets/PingPong/Scenes/Pingpong/ReflectionProbe-1.exr using Guid(82272ff3834ce31459dd82871260f297) Importer(2089858483,192608db42251d675da83286b1cce702) (ScriptedImporter) -> (artifact id: '225bf97969c0616cc5aba7c5fd666454') in 0.0169285 seconds
Number of updated asset objects reloaded before import = 0Number of asset objects unloaded after import = 1

========================================================================
Received Import Request.
  Time since last request: 12.842331 seconds.
  path: Assets/PingPong/Scenes/Pingpong/ReflectionProbe-1.exr
  artifactKey: Guid(82272ff3834ce31459dd82871260f297) Importer(2089858483,192608db42251d675da83286b1cce702)
Start importing Assets/PingPong/Scenes/Pingpong/ReflectionProbe-1.exr using Guid(82272ff3834ce31459dd82871260f297) Importer(2089858483,192608db42251d675da83286b1cce702) (ScriptedImporter) -> (artifact id: '096ca4c0e50d9893b20f45965b866ba0') in 0.0153814 seconds
Number of updated asset objects reloaded before import = 0Number of asset objects unloaded after import = 1

========================================================================
Received Import Request.
  Time since last request: 5.104259 seconds.
  path: Assets/PingPong/Scenes/Pingpong.unity
  artifactKey: Guid(575373af9bd32f24cb5f58805368e9c2) Importer(2089858483,192608db42251d675da83286b1cce702)
Start importing Assets/PingPong/Scenes/Pingpong.unity using Guid(575373af9bd32f24cb5f58805368e9c2) Importer(2089858483,192608db42251d675da83286b1cce702) (ScriptedImporter) -> (artifact id: '480617cf9c550e6072989ee9bda3fa5a') in 0.0137115 seconds
Number of updated asset objects reloaded before import = 0Number of asset objects unloaded after import = 1

========================================================================
Received Import Request.
  Time since last request: 18.681630 seconds.
  path: Assets/PingPong/Scripts/Objects/PingPongRacket.lua
  artifactKey: Guid(693fbb6eb76230948a8244fc507935af) Importer(2089858483,192608db42251d675da83286b1cce702)
Start importing Assets/PingPong/Scripts/Objects/PingPongRacket.lua using Guid(693fbb6eb76230948a8244fc507935af) Importer(2089858483,192608db42251d675da83286b1cce702) (ScriptedImporter) -> (artifact id: 'baa4a296557611e1ed6dbebcae9c25c6') in 0.0160707 seconds
Number of updated asset objects reloaded before import = 0Number of asset objects unloaded after import = 1

========================================================================
Received Import Request.
  Time since last request: 28.074596 seconds.
  path: Assets/PingPong/Scenes/Pingpong.unity
  artifactKey: Guid(575373af9bd32f24cb5f58805368e9c2) Importer(2089858483,192608db42251d675da83286b1cce702)
Start importing Assets/PingPong/Scenes/Pingpong.unity using Guid(575373af9bd32f24cb5f58805368e9c2) Importer(2089858483,192608db42251d675da83286b1cce702) (ScriptedImporter) -> (artifact id: 'ee6288c817ace42e6a87343c5dde4f69') in 0.0128288 seconds
Number of updated asset objects reloaded before import = 0Number of asset objects unloaded after import = 1

